{
  "RSpec": {
    "coverage": {
      "/home/verizent/Documents/ChineseUniversity/Term4/csci3100project-curousell/app/helpers/application_helper.rb": {
        "lines": [
          1,
          null
        ]
      },
      "/home/verizent/Documents/ChineseUniversity/Term4/csci3100project-curousell/app/controllers/account_controller.rb": {
        "lines": [
          1,
          null,
          1,
          3,
          null,
          null,
          null,
          1,
          24,
          24,
          24,
          null,
          24,
          5,
          5,
          null,
          null,
          19,
          11,
          11,
          11,
          11,
          11,
          null,
          8,
          null,
          null,
          null,
          null,
          1,
          7,
          7,
          null,
          null,
          null,
          1,
          15,
          15,
          1,
          null,
          null,
          14,
          5,
          5,
          5,
          null,
          9,
          9,
          3,
          3,
          3,
          null,
          6,
          6,
          6,
          null,
          null,
          null,
          null,
          1,
          null,
          null,
          null,
          1,
          13,
          null,
          13,
          3,
          null,
          null,
          10,
          2,
          2,
          null,
          null,
          8,
          8,
          8,
          null,
          8,
          null,
          null,
          null,
          1,
          5,
          3,
          null,
          null,
          null,
          null,
          1,
          16,
          null,
          16,
          1,
          null,
          null,
          15,
          4,
          4,
          null,
          4,
          null,
          null,
          null,
          4,
          4,
          11,
          2,
          2,
          null,
          9,
          null,
          9,
          3,
          3,
          null,
          null,
          6,
          6,
          6,
          null,
          null,
          null,
          1,
          1,
          1,
          null,
          null,
          1,
          null,
          1,
          24,
          null,
          null
        ]
      },
      "/home/verizent/Documents/ChineseUniversity/Term4/csci3100project-curousell/app/controllers/application_controller.rb": {
        "lines": [
          1,
          null,
          1,
          null,
          null,
          1,
          null,
          1,
          null,
          1,
          null,
          1,
          110,
          null,
          35,
          35,
          null,
          0,
          0,
          null,
          0,
          null,
          null,
          1,
          78,
          null,
          null,
          1,
          12,
          3,
          null,
          null,
          null
        ]
      },
      "/home/verizent/Documents/ChineseUniversity/Term4/csci3100project-curousell/app/controllers/listings_controller.rb": {
        "lines": [
          1,
          1,
          null,
          1,
          11,
          13,
          11,
          11,
          11,
          11,
          null,
          11,
          null,
          11,
          11,
          11,
          11,
          11,
          11,
          11,
          11,
          null,
          11,
          null,
          null,
          null,
          1,
          4,
          4,
          2,
          null,
          null,
          null,
          1,
          3,
          3,
          null,
          null,
          1,
          6,
          6,
          null,
          6,
          5,
          null,
          1,
          null,
          null,
          null,
          1,
          null,
          1,
          6,
          null,
          null,
          null,
          null,
          null
        ]
      },
      "/home/verizent/Documents/ChineseUniversity/Term4/csci3100project-curousell/app/jobs/cleanup_unverified_user_job.rb": {
        "lines": [
          1,
          1,
          null,
          1,
          4,
          4,
          3,
          null,
          2,
          null,
          null
        ]
      },
      "/home/verizent/Documents/ChineseUniversity/Term4/csci3100project-curousell/app/jobs/application_job.rb": {
        "lines": [
          1,
          null,
          null,
          null,
          null,
          null,
          null
        ]
      },
      "/home/verizent/Documents/ChineseUniversity/Term4/csci3100project-curousell/app/mailers/otp_mailer.rb": {
        "lines": [
          1,
          null,
          null,
          null,
          null,
          null,
          1,
          4,
          4,
          null,
          4,
          null,
          null,
          1,
          4,
          4,
          null,
          4,
          null,
          null
        ]
      },
      "/home/verizent/Documents/ChineseUniversity/Term4/csci3100project-curousell/app/mailers/application_mailer.rb": {
        "lines": [
          1,
          1,
          1,
          null
        ]
      },
      "/home/verizent/Documents/ChineseUniversity/Term4/csci3100project-curousell/app/models/listing_access_rule.rb": {
        "lines": [
          1,
          1,
          null,
          1,
          1,
          null,
          1,
          null,
          1,
          null,
          1,
          31,
          29,
          null,
          null,
          1,
          29,
          30,
          29,
          null,
          null,
          1,
          null,
          29,
          29,
          29,
          null,
          null
        ]
      },
      "/home/verizent/Documents/ChineseUniversity/Term4/csci3100project-curousell/app/models/application_record.rb": {
        "lines": [
          1,
          1,
          null
        ]
      },
      "/home/verizent/Documents/ChineseUniversity/Term4/csci3100project-curousell/app/models/listing.rb": {
        "lines": [
          1,
          1,
          1,
          1,
          1,
          null,
          null,
          2,
          null,
          null,
          null,
          null,
          1,
          1,
          null,
          1,
          null,
          null,
          null,
          null,
          null,
          null,
          null,
          null,
          null,
          null,
          1,
          null,
          null,
          null,
          null,
          null,
          null,
          null,
          null,
          null,
          null,
          null,
          null,
          null,
          null,
          null,
          null,
          null,
          null,
          null,
          null,
          null,
          null,
          null,
          null,
          null,
          null,
          null,
          null,
          null,
          null,
          null,
          null,
          null,
          null,
          null,
          null,
          null,
          null,
          null,
          null,
          null,
          null,
          null,
          null,
          null,
          null,
          null,
          null,
          null,
          null,
          null,
          null,
          null,
          null,
          null,
          null,
          null,
          null,
          null,
          null,
          null,
          null,
          null,
          null,
          null,
          null,
          1,
          1,
          1,
          1,
          null,
          4,
          3,
          1,
          23,
          null,
          null,
          23,
          null,
          10,
          null,
          null,
          null,
          null,
          null,
          null,
          null,
          null,
          null,
          null,
          null,
          null,
          null,
          1,
          19,
          null,
          null,
          1,
          11,
          0,
          null,
          null,
          null,
          null,
          null,
          null
        ]
      },
      "/home/verizent/Documents/ChineseUniversity/Term4/csci3100project-curousell/app/models/user.rb": {
        "lines": [
          1,
          null,
          1,
          1,
          1,
          null,
          1,
          1,
          1,
          1,
          null,
          null,
          1,
          1,
          null,
          null,
          1,
          28,
          null,
          28,
          28,
          null,
          null,
          1,
          36,
          34,
          30,
          null,
          null,
          1,
          16,
          null,
          null
        ]
      },
      "/home/verizent/Documents/ChineseUniversity/Term4/csci3100project-curousell/app/controllers/feedback_controller.rb": {
        "lines": [
          0,
          0,
          0,
          null,
          0,
          0,
          0,
          0,
          null,
          0,
          0,
          0,
          0,
          null,
          0,
          0,
          0,
          0
        ],
        "branches": {}
      },
      "/home/verizent/Documents/ChineseUniversity/Term4/csci3100project-curousell/app/controllers/placeholder_controller.rb": {
        "lines": [
          0,
          0,
          0,
          0,
          null,
          0,
          0,
          0,
          null,
          0,
          0,
          0,
          0
        ],
        "branches": {}
      },
      "/home/verizent/Documents/ChineseUniversity/Term4/csci3100project-curousell/app/mailers/feedback_mailer.rb": {
        "lines": [
          0,
          0,
          null,
          0,
          0,
          0,
          0,
          null,
          0,
          0,
          0,
          0,
          0,
          0,
          0,
          0
        ],
        "branches": {}
      }
    },
    "timestamp": 1776002576
  },
  "Cucumber Features": {
    "coverage": {
      "/home/verizent/Documents/ChineseUniversity/Term4/csci3100project-curousell/app/mailers/otp_mailer.rb": {
        "lines": [
          1,
          null,
          null,
          null,
          null,
          null,
          1,
          0,
          0,
          null,
          0,
          null,
          null,
          1,
          0,
          0,
          null,
          0,
          null,
          null
        ]
      },
      "/home/verizent/Documents/ChineseUniversity/Term4/csci3100project-curousell/app/mailers/application_mailer.rb": {
        "lines": [
          1,
          1,
          1,
          null
        ]
      },
      "/home/verizent/Documents/ChineseUniversity/Term4/csci3100project-curousell/app/jobs/cleanup_unverified_user_job.rb": {
        "lines": [
          1,
          1,
          null,
          1,
          0,
          0,
          0,
          null,
          0,
          null,
          null
        ]
      },
      "/home/verizent/Documents/ChineseUniversity/Term4/csci3100project-curousell/app/jobs/application_job.rb": {
        "lines": [
          1,
          null,
          null,
          null,
          null,
          null,
          null
        ]
      },
      "/home/verizent/Documents/ChineseUniversity/Term4/csci3100project-curousell/app/models/user.rb": {
        "lines": [
          1,
          null,
          1,
          1,
          1,
          null,
          1,
          1,
          1,
          1,
          null,
          null,
          1,
          1,
          null,
          null,
          1,
          9,
          null,
          9,
          9,
          null,
          null,
          1,
          11,
          11,
          10,
          null,
          null,
          1,
          7,
          null,
          null
        ]
      },
      "/home/verizent/Documents/ChineseUniversity/Term4/csci3100project-curousell/app/models/application_record.rb": {
        "lines": [
          1,
          1,
          null
        ]
      },
      "/home/verizent/Documents/ChineseUniversity/Term4/csci3100project-curousell/app/models/listing.rb": {
        "lines": [
          1,
          1,
          1,
          1,
          1,
          null,
          null,
          2,
          null,
          null,
          null,
          null,
          1,
          1,
          null,
          1,
          null,
          null,
          null,
          null,
          null,
          null,
          null,
          null,
          null,
          null,
          1,
          null,
          null,
          null,
          null,
          null,
          null,
          null,
          null,
          null,
          null,
          null,
          null,
          null,
          null,
          null,
          null,
          null,
          null,
          null,
          null,
          null,
          null,
          null,
          null,
          null,
          null,
          null,
          null,
          null,
          null,
          null,
          null,
          null,
          null,
          null,
          null,
          null,
          null,
          null,
          null,
          null,
          null,
          null,
          null,
          null,
          null,
          null,
          null,
          null,
          null,
          null,
          null,
          null,
          null,
          null,
          null,
          null,
          null,
          null,
          null,
          null,
          null,
          null,
          null,
          null,
          null,
          1,
          1,
          1,
          1,
          null,
          1,
          1,
          1,
          25,
          null,
          null,
          25,
          null,
          14,
          null,
          null,
          null,
          null,
          null,
          null,
          null,
          null,
          null,
          null,
          null,
          null,
          null,
          1,
          21,
          null,
          null,
          1,
          15,
          1,
          null,
          null,
          null,
          null,
          null,
          null
        ]
      },
      "/home/verizent/Documents/ChineseUniversity/Term4/csci3100project-curousell/app/controllers/listings_controller.rb": {
        "lines": [
          1,
          1,
          null,
          1,
          15,
          16,
          15,
          15,
          15,
          15,
          null,
          15,
          null,
          15,
          15,
          15,
          15,
          15,
          15,
          15,
          15,
          null,
          15,
          null,
          null,
          null,
          1,
          6,
          6,
          2,
          null,
          null,
          null,
          1,
          1,
          1,
          null,
          null,
          1,
          1,
          1,
          null,
          1,
          1,
          null,
          0,
          null,
          null,
          null,
          1,
          null,
          1,
          1,
          null,
          null,
          null,
          null,
          null
        ]
      },
      "/home/verizent/Documents/ChineseUniversity/Term4/csci3100project-curousell/app/controllers/application_controller.rb": {
        "lines": [
          1,
          null,
          1,
          null,
          null,
          1,
          null,
          1,
          null,
          1,
          null,
          1,
          196,
          null,
          57,
          57,
          null,
          12,
          12,
          null,
          0,
          null,
          null,
          1,
          109,
          null,
          null,
          1,
          3,
          1,
          null,
          null,
          null
        ]
      },
      "/home/verizent/Documents/ChineseUniversity/Term4/csci3100project-curousell/app/helpers/application_helper.rb": {
        "lines": [
          1,
          null
        ]
      },
      "/home/verizent/Documents/ChineseUniversity/Term4/csci3100project-curousell/app/models/listing_access_rule.rb": {
        "lines": [
          1,
          1,
          null,
          1,
          1,
          null,
          1,
          null,
          1,
          null,
          1,
          4,
          4,
          null,
          null,
          1,
          4,
          4,
          4,
          null,
          null,
          1,
          null,
          4,
          4,
          4,
          null,
          null
        ]
      },
      "/home/verizent/Documents/ChineseUniversity/Term4/csci3100project-curousell/app/controllers/account_controller.rb": {
        "lines": [
          1,
          null,
          1,
          6,
          null,
          null,
          null,
          1,
          5,
          5,
          5,
          null,
          5,
          1,
          1,
          null,
          null,
          4,
          3,
          3,
          3,
          3,
          3,
          null,
          1,
          null,
          null,
          null,
          null,
          1,
          4,
          4,
          null,
          null,
          null,
          1,
          5,
          5,
          0,
          null,
          null,
          5,
          1,
          1,
          1,
          null,
          4,
          4,
          1,
          1,
          1,
          null,
          3,
          3,
          3,
          null,
          null,
          null,
          null,
          1,
          null,
          null,
          null,
          1,
          8,
          null,
          8,
          1,
          null,
          null,
          7,
          1,
          1,
          null,
          null,
          6,
          6,
          6,
          null,
          6,
          null,
          null,
          null,
          1,
          6,
          0,
          null,
          null,
          null,
          null,
          1,
          6,
          null,
          6,
          0,
          null,
          null,
          6,
          5,
          5,
          null,
          5,
          null,
          null,
          null,
          5,
          5,
          1,
          1,
          1,
          null,
          0,
          null,
          0,
          0,
          0,
          null,
          null,
          0,
          0,
          0,
          null,
          null,
          null,
          1,
          0,
          0,
          null,
          null,
          1,
          null,
          1,
          5,
          null,
          null
        ]
      },
      "/home/verizent/Documents/ChineseUniversity/Term4/csci3100project-curousell/app/controllers/feedback_controller.rb": {
        "lines": [
          0,
          0,
          0,
          null,
          0,
          0,
          0,
          0,
          null,
          0,
          0,
          0,
          0,
          null,
          0,
          0,
          0,
          0
        ],
        "branches": {}
      },
      "/home/verizent/Documents/ChineseUniversity/Term4/csci3100project-curousell/app/controllers/placeholder_controller.rb": {
        "lines": [
          0,
          0,
          0,
          0,
          null,
          0,
          0,
          0,
          null,
          0,
          0,
          0,
          0
        ],
        "branches": {}
      },
      "/home/verizent/Documents/ChineseUniversity/Term4/csci3100project-curousell/app/mailers/feedback_mailer.rb": {
        "lines": [
          0,
          0,
          null,
          0,
          0,
          0,
          0,
          null,
          0,
          0,
          0,
          0,
          0,
          0,
          0,
          0
        ],
        "branches": {}
      }
    },
    "timestamp": 1776002587
  }
}
